[organic-ishi.myshopify.com/products/organic-banana3631.html]
[cdn.shopify.com/s/files/1/0086/0251/7559/files/favicon_32x32c72d.png]
[backblue.gif]
[fade.gif]
[index.html]
[cdn.shopify.com/s/files/1/0086/0251/7559/products/20_c81ec43b-1a12-4a21-a7cd-8ae909b0269331bf.png]
[organic-ishi.myshopify.com/products/organic-banana.html]
[cdn.shopify.com/s/files/1/0086/0251/7559/t/4/assets/globalc94a.js]
[cdn.shopify.com/s/files/1/0086/0251/7559/t/4/assets/cart-notificationbdba.js]
[cdn.shopify.com/s/files/1/0086/0251/7559/t/4/assets/lazysizes4045.js]
[cdn.shopify.com/s/files/1/0086/0251/7559/t/4/assets/shopa10e.js]
[organic-ishi.myshopify.com/products/organic-banana.oembed]
[cdn.shopify.com/shopifycloud/storefront-recaptcha-v3/v0.6/index.js]
[cdn.shopify.com/shopifycloud/shopify/assets/storefront/load_feature-7e72fb4d14f06d60c57306b80dc146f0ecdbe4e4c0941f4f3537bee4d54314af.js]
[cdn.shopify.com/s/files/1/0086/0251/7559/t/4/compiled_assets/stylese648.css]
[cdn.shopify.com/s/files/1/0086/0251/7559/t/4/assets/includes.min38fd.js]
[cdn.shopify.com/s/files/1/0086/0251/7559/t/4/compiled_assets/scriptse648.js]
[cdn.shopify.com/shopifycloud/shopify/assets/storefront/features-87e8399988880142f2c62771b9d8f2ff6c290b3ff745dd426eb0dfe0db9d1dae.js]
[cdnjs.cloudflare.com/ajax/libs/font-awesome/4.7.0/css/font-awesome.min.css]
[cdn.shopify.com/s/files/1/0086/0251/7559/t/4/assets/includes.mina62d.css]
[cdn.shopify.com/s/files/1/0086/0251/7559/t/4/assets/basec6b2.css]
[cdn.shopify.com/s/files/1/0086/0251/7559/t/4/assets/themeb906.css]
[organic-ishi.myshopify.com/products/POST.13.delayed]
[cdn.shopify.com/s/trekkie.storefront.6967fb130a629a5a38a7939e6f3366da4c6e3e41.min.js]
[cdn.shopify.com/shopifycloud/boomerang/shopify-boomerang-1.0.0.min.js]
[cdn.shopify.com/shopifycloud/shopify/assets/shop_events_listener-53e1c676e346080489adfcb36af1739b2d334a9e308c6ff2d84d3de1bc4e6ce0.js]
[cdn.shopify.com/s/files/1/0086/0251/7559/files/background2d86.png]
[cdn.shopify.com/s/files/1/0086/0251/7559/t/4/assets/page-account4a37.css]
[cdn.shopify.com/s/files/1/0086/0251/7559/files/Logo_large_large_ac20412f-d60c-4b97-905e-085295e70357_large75e0.png]
[cdn.shopify.com/s/files/1/0086/0251/7559/files/demo-store-logo-1615437687_largef01c.png]
[cdn.shopify.com/s/files/1/0086/0251/7559/products/1_533x91f9.png]
[cdn.shopify.com/s/files/1/0086/0251/7559/files/Menu-banner-2_4704a0d4-e595-4906-bd77-5b26263e749f6bc3.png]
[organic-ishi.myshopify.com/products/mauris-bibendum.html]
[cdn.shopify.com/s/files/1/0086/0251/7559/files/menu-banner-3_70cd5663-1108-4e89-aea5-14326df32185436c.png]
[organic-ishi.myshopify.com/products/fusce-fermentum.html]
[cdn.shopify.com/s/files/1/0086/0251/7559/products/2_19e65f58-6fab-4b73-a7a4-bf41a432b102_533x2ab0.png]
[cdn.shopify.com/s/files/1/0086/0251/7559/files/Menu-banner_8cae264b-a72a-4fbf-ad59-026b4f888141d0e1.png]
[organic-ishi.myshopify.com/products/vis-feugiat-delenit.html]
[cdn.shopify.com/s/files/1/0086/0251/7559/products/18_1e78d125-fa7a-414e-ad2a-943d281f1881_533x51d0.png]
[cdn.shopify.com/s/files/1/0086/0251/7559/products/19_4d43a56b-f660-495e-8065-c58ac0b25f02_533x6a1e.png]
[cdn.shopify.com/s/files/1/0086/0251/7559/products/17_21afa0f1-1a98-4e1f-b2e0-cabfcef22618_533xa1b1.png]
[organic-ishi.myshopify.com/products/vel-neque-posuere.html]
[cdn.shopify.com/s/files/1/0086/0251/7559/products/20_e9ccb755-8c4d-434f-9beb-e70fd1d13151_533x91f5.png]
[organic-ishi.myshopify.com/products/the-watermalen.html]
[cdn.shopify.com/s/files/1/0086/0251/7559/products/14_644abfe8-942e-469b-afb8-8778d5757e65_533xdd01.png]
[cdn.shopify.com/s/files/1/0086/0251/7559/products/15_5c669420-20dd-4001-89eb-841d20252e98_533x2df5.png]
[organic-ishi.myshopify.com/products/american-orange.html]
[cdn.shopify.com/s/files/1/0086/0251/7559/files/Left-banner_6b9b6278-c0b2-4c75-a6ac-ab39bae0615ddb57.png]
[cdn.shopify.com/s/files/1/0086/0251/7559/products/5_463b6ce0-e7e0-461c-b9c1-c1d32af79676_533xac07.png]
[organic-ishi.myshopify.com/products/japanese-strawberry.html]
[cdn.shopify.com/s/files/1/0086/0251/7559/products/6_533x7dd4.png]
[cdn.shopify.com/s/files/1/0086/0251/7559/products/3_28e3cf02-0b4c-4dfb-9fae-3ca0adb53740_533xba6a.png]
[cdn.shopify.com/s/files/1/0086/0251/7559/products/12_533xa0e4.png]
[organic-ishi.myshopify.com/products/donec-eu-libero.html]
[cdn.shopify.com/s/files/1/0086/0251/7559/products/17_533xa49a.png]
[cdn.shopify.com/s/files/1/0086/0251/7559/products/18_abb4f969-af5d-4335-9fd0-1dae640b535631bf.png]
[cdn.shopify.com/s/files/1/0086/0251/7559/products/15_70187ce5-b5e8-46b3-bf9a-3fcdc20e51d431bf.png]
[cdn.shopify.com/s/files/1/0086/0251/7559/products/14_56aab596-c064-483b-b020-43dbffa8e77031bf.png]
[cdn.shopify.com/s/files/1/0086/0251/7559/products/16_cba121fb-47de-46aa-894d-3693af7c610031bf.png]
[cdn.shopify.com/s/files/1/0086/0251/7559/products/17_c2c77e1b-4442-44d8-84f8-b35ea84f35a731bf.png]
[cdn.shopify.com/s/files/1/0086/0251/7559/products/19_9cf751dd-ce5e-4450-9f19-8874328a76cd31bf.png]
[cdn.shopify.com/s/files/1/0086/0251/7559/products/9e3fa8738d434ef1a1ad706c29952f3e.thumbnail.00000004223.jpg]
[cdn.shopify.com/s/files/1/0086/0251/7559/products/9e3fa8738d434ef1a1ad706c29952f3e.thumbnail.0000000_2048x4223.jpg]
[cdn.shopify.com/s/files/1/0086/0251/7559/t/4/assets/component-pickup-availability95ee.css]
[cdn.shopify.com/s/files/1/0086/0251/7559/t/4/assets/pickup-availability2b11.js]
[cdn.shopify.com/s/files/1/0086/0251/7559/files/trusted-image9002.png]
[cdn.shopify.com/s/files/1/0054/0567/1479/files/sizechart2687.png]
[cdn.shopify.com/s/files/1/0086/0251/7559/t/4/assets/product-form0bd1.js]
[cdn.shopify.com/s/files/1/0086/0251/7559/t/4/assets/elevatezoomc06e.js]
[cdn.shopify.com/s/files/1/0086/0251/7559/files/2_de786d25-bc5e-4389-bc9a-8a6fdd4bbef5_500x5003c98.png]
[cdn.shopify.com/s/files/1/0086/0251/7559/files/3_37416915-be82-49cd-af80-01cac036f8a0_500x5001d85.png]
[cdn.shopify.com/s/files/1/0086/0251/7559/files/1_61c70a53-fafe-4fd5-a1b0-f77d516be1d9_500x50088e4.png]
[s7.addthis.com/js/300/addthis_widget.js]
[cdn.shopify.com/s/files/1/0086/0251/7559/files/7_30c6c4b8-9d24-47bd-9e48-14039e5551ad_500x5000133.png]
[cdn.shopify.com/s/files/1/0086/0251/7559/files/8_9177c71a-ceaf-4ce3-acab-c3af764755b0_500x5004043.png]
[cdn.shopify.com/s/files/1/0086/0251/7559/files/10_500x50019ef.png]
[cdn.shopify.com/s/files/1/0086/0251/7559/t/4/assets/no-image70ff.png]
[cdn.shopify.com/s/files/1/0086/0251/7559/t/4/assets/slideref9e.js]
[cdn.shopify.com/s/files/1/0086/0251/7559/t/4/assets/variants9e7d.js]
[organic-ishi.myshopify.com/products/organic-banana3631.html]
[organic-ishi.myshopify.com/products/organic-banana.html]
[cdn.shopify.com/s/files/1/0086/0251/7559/t/4/compiled_assets/stylese648.css]
[cdnjs.cloudflare.com/ajax/libs/font-awesome/4.7.0/css/font-awesome.min.css]
[cdn.shopify.com/s/files/1/0086/0251/7559/t/4/assets/owl.video.play.png]
[cdn.shopify.com/s/files/1/0086/0251/7559/t/4/assets/includes.mina62d.css]
[cdn.shopify.com/s/files/1/0086/0251/7559/t/4/assets/comment-blogfd3f.jpg]
[cdn.shopify.com/s/files/1/0086/0251/7559/t/4/assets/basec6b2.css]
[cdn.shopify.com/s/files/1/0086/0251/7559/t/4/assets/themeb906.css]
[organic-ishi.myshopify.com/products/POST.html]
[cdn.shopify.com/s/files/1/0086/0251/7559/t/4/assets/page-account4a37.css]
[cdn.shopify.com/s/files/1/0086/0251/7559/products/191f9.png]
[organic-ishi.myshopify.com/products/mauris-bibendum.oembed]
[cdn.shopify.com/s/files/1/0086/0251/7559/products/2cc6f.png]
[cdn.shopify.com/s/files/1/0086/0251/7559/products/37bec.png]
[cdn.shopify.com/s/files/1/0086/0251/7559/products/42fbe.png]
[cdn.shopify.com/s/files/1/0086/0251/7559/products/58bfc.png]
[organic-ishi.myshopify.com/products/mauris-bibendum.html]
[cdn.shopify.com/s/files/1/0086/0251/7559/products/2_19e65f58-6fab-4b73-a7a4-bf41a432b1022ab0.png]
[organic-ishi.myshopify.com/products/fusce-fermentum.oembed]
[cdn.shopify.com/s/files/1/0086/0251/7559/products/3_28e3cf02-0b4c-4dfb-9fae-3ca0adb53740ba6a.png]
[cdn.shopify.com/s/files/1/0086/0251/7559/products/4_77754d61-fbac-4098-a7f0-bd83cc73d7b296a7.png]
[cdn.shopify.com/s/files/1/0086/0251/7559/products/5_d57ccb4d-9be8-4fc2-a62e-d262c1fa8b1c273b.png]
[cdn.shopify.com/s/files/1/0086/0251/7559/products/6_3bb02f05-a4e7-46a2-9e32-d2621939a981df0d.png]
[organic-ishi.myshopify.com/products/fusce-fermentum.html]
[cdn.shopify.com/s/files/1/0086/0251/7559/products/18_1e78d125-fa7a-414e-ad2a-943d281f188151d0.png]
[organic-ishi.myshopify.com/products/vis-feugiat-delenit.oembed]
[cdn.shopify.com/s/files/1/0086/0251/7559/products/19_4d43a56b-f660-495e-8065-c58ac0b25f026a1e.png]
[cdn.shopify.com/s/files/1/0086/0251/7559/products/14_07229eac-cb5a-49ad-afb8-4510329a861ecfcb.png]
[cdn.shopify.com/s/files/1/0086/0251/7559/products/15_72dfc2b9-1f8b-418d-9241-ffab639b3ee0e5f8.png]
[cdn.shopify.com/s/files/1/0086/0251/7559/products/20_aa052906-53d1-420c-9ba2-baa982830bc0e24a.png]
[organic-ishi.myshopify.com/products/vis-feugiat-delenit.html]
[cdn.shopify.com/s/files/1/0086/0251/7559/products/17_21afa0f1-1a98-4e1f-b2e0-cabfcef22618a1b1.png]
[organic-ishi.myshopify.com/products/vel-neque-posuere.oembed]
[cdn.shopify.com/s/files/1/0086/0251/7559/products/20_e9ccb755-8c4d-434f-9beb-e70fd1d1315191f5.png]
[cdn.shopify.com/s/files/1/0086/0251/7559/products/10_bef66958-a61f-4261-bc95-818bd8871ee1133f.png]
[cdn.shopify.com/s/files/1/0086/0251/7559/products/18_a08c8998-94dd-49db-9228-f7b0bb9d7a6e8372.png]
[cdn.shopify.com/s/files/1/0086/0251/7559/products/19_4a518d9a-eedf-4665-9ba7-49bc40a25a9f63e4.png]
[organic-ishi.myshopify.com/products/vel-neque-posuere.html]
[cdn.shopify.com/s/files/1/0086/0251/7559/products/14_644abfe8-942e-469b-afb8-8778d5757e65dd01.png]
[organic-ishi.myshopify.com/products/the-watermalen.oembed]
[cdn.shopify.com/s/files/1/0086/0251/7559/products/15_5c669420-20dd-4001-89eb-841d20252e982df5.png]
[cdn.shopify.com/s/files/1/0086/0251/7559/products/16_5bf26b2b-f101-4ae2-8e08-cf4a4072e3c65428.png]
[cdn.shopify.com/s/files/1/0086/0251/7559/products/17_52c66581-a176-4a2d-a40d-2ce59cb5a5ab00fd.png]
[cdn.shopify.com/s/files/1/0086/0251/7559/products/18_901b9030-092b-4613-9110-8a815fc6fb9fcf60.png]
[cdn.shopify.com/s/files/1/0086/0251/7559/products/19_319b5fc9-afd6-48e4-bcc1-37687bbb1791de6e.png]
[organic-ishi.myshopify.com/products/the-watermalen.html]
[cdn.shopify.com/s/files/1/0086/0251/7559/products/3_05cdcdef-27c7-4959-9b4e-807c1d68a37b2a90.png]
[organic-ishi.myshopify.com/products/american-orange.oembed]
[cdn.shopify.com/s/files/1/0086/0251/7559/products/4_6f623406-d5ce-42e6-b1e8-b4b6e98b9e14b3a0.png]
[cdn.shopify.com/s/files/1/0086/0251/7559/products/5_1ca5c002-431f-4887-abaf-65da32badde1f593.png]
[cdn.shopify.com/s/files/1/0086/0251/7559/products/6_36b5e041-c536-42b9-83bd-930082702d02097d.png]
[cdn.shopify.com/s/files/1/0086/0251/7559/products/7_789aaa32-d126-4270-83a0-b2861b54f503457f.png]
[cdn.shopify.com/s/files/1/0086/0251/7559/products/13124eda7e864759b5fd70395db6c64e.thumbnail.0000000d080.jpg]
[cdn.shopify.com/s/files/1/0086/0251/7559/products/13124eda7e864759b5fd70395db6c64e.thumbnail.0000000_2048xd080.jpg]
[organic-ishi.myshopify.com/products/american-orange.html]
[cdn.shopify.com/s/files/1/0086/0251/7559/products/5_463b6ce0-e7e0-461c-b9c1-c1d32af79676ac07.png]
[organic-ishi.myshopify.com/products/japanese-strawberry.oembed]
[cdn.shopify.com/s/files/1/0086/0251/7559/products/67dd4.png]
[cdn.shopify.com/s/files/1/0086/0251/7559/products/7657d.png]
[cdn.shopify.com/s/files/1/0086/0251/7559/products/8d1f8.png]
[cdn.shopify.com/s/files/1/0086/0251/7559/products/9d505.png]
[organic-ishi.myshopify.com/products/japanese-strawberry.html]
[cdn.shopify.com/s/files/1/0086/0251/7559/products/12a0e4.png]
[organic-ishi.myshopify.com/products/donec-eu-libero.oembed]
[cdn.shopify.com/s/files/1/0086/0251/7559/products/17a49a.png]
[cdn.shopify.com/s/files/1/0086/0251/7559/products/142c28.png]
[cdn.shopify.com/s/files/1/0086/0251/7559/products/137f59.png]
[cdn.shopify.com/s/files/1/0086/0251/7559/products/15aeaa.png]
[cdn.shopify.com/s/files/1/0086/0251/7559/products/16e3ab.png]
[cdn.shopify.com/s/files/1/0086/0251/7559/products/27bacc25b88844c2bc23e39442a526cc.thumbnail.000000087a0.jpg]
[cdn.shopify.com/s/files/1/0086/0251/7559/products/27bacc25b88844c2bc23e39442a526cc.thumbnail.0000000_2048x87a0.jpg]
[organic-ishi.myshopify.com/products/donec-eu-libero.html]
[cdn.shopify.com/s/files/1/0086/0251/7559/t/4/assets/component-pickup-availability95ee.css]
[cdn.shopify.com/s/files/1/0086/0251/7559/t/4/assets/owl.video.play.html]
