[organic-ishi.myshopify.com/collections/organic-products3631.html]
[backblue.gif]
[fade.gif]
[index.html]
[cdn.shopify.com/s/files/1/0086/0251/7559/files/favicon_32x32c72d.png]
[cdn.shopify.com/s/files/1/0086/0251/7559/collections/Category-banner_d64cf45a-6528-4891-9305-d23f02f54320b11b.png]
[cdn.shopify.com/s/files/1/0086/0251/7559/t/4/assets/globalc94a.js]
[organic-ishi.myshopify.com/collections/organic-products.html]
[cdn.shopify.com/s/files/1/0086/0251/7559/t/4/assets/cart-notificationbdba.js]
[cdn.shopify.com/s/files/1/0086/0251/7559/t/4/assets/lazysizes4045.js]
[cdn.shopify.com/s/files/1/0086/0251/7559/t/4/assets/shopa10e.js]
[organic-ishi.myshopify.com/collections/organic-products.atom]
[organic-ishi.myshopify.com/collections/organic-products.oembed]
[cdn.shopify.com/shopifycloud/storefront-recaptcha-v3/v0.6/index.js]
[cdn.shopify.com/s/files/1/0086/0251/7559/t/4/assets/includes.min38fd.js]
[cdn.shopify.com/shopifycloud/shopify/assets/storefront/load_feature-7e72fb4d14f06d60c57306b80dc146f0ecdbe4e4c0941f4f3537bee4d54314af.js]
[cdn.shopify.com/s/files/1/0086/0251/7559/t/4/compiled_assets/stylese648.css]
[cdnjs.cloudflare.com/ajax/libs/font-awesome/4.7.0/css/font-awesome.min.css]
[cdn.shopify.com/shopifycloud/shopify/assets/storefront/features-87e8399988880142f2c62771b9d8f2ff6c290b3ff745dd426eb0dfe0db9d1dae.js]
[cdn.shopify.com/s/files/1/0086/0251/7559/t/4/assets/includes.mina62d.css]
[cdn.shopify.com/s/files/1/0086/0251/7559/t/4/assets/basec6b2.css]
[cdn.shopify.com/s/files/1/0086/0251/7559/t/4/assets/themeb906.css]
[organic-ishi.myshopify.com/collections/POST]
[cdn.shopify.com/shopifycloud/shopify/assets/shop_events_listener-53e1c676e346080489adfcb36af1739b2d334a9e308c6ff2d84d3de1bc4e6ce0.js]
[cdn.shopify.com/s/files/1/0086/0251/7559/files/background2d86.png]
[cdn.shopify.com/s/trekkie.storefront.6967fb130a629a5a38a7939e6f3366da4c6e3e41.min.js]
[cdn.shopify.com/s/files/1/0086/0251/7559/t/4/assets/page-account4a37.css]
[cdn.shopify.com/s/files/1/0086/0251/7559/files/Logo_large_large_ac20412f-d60c-4b97-905e-085295e70357_large75e0.png]
[cdn.shopify.com/s/files/1/0086/0251/7559/files/demo-store-logo-1615437687_largef01c.png]
[cdn.shopify.com/shopifycloud/boomerang/shopify-boomerang-1.0.0.min.js]
[organic-ishi.myshopify.com/collections/fruits.html]
[organic-ishi.myshopify.com/collections/vegetables.html]
[organic-ishi.myshopify.com/collections/organic.html]
[cdn.shopify.com/s/files/1/0086/0251/7559/products/1_533x91f9.png]
[organic-ishi.myshopify.com/collections/special-oraganics.html]
[organic-ishi.myshopify.com/collections/new-organics.html]
[cdn.shopify.com/s/files/1/0086/0251/7559/files/Menu-banner-2_4704a0d4-e595-4906-bd77-5b26263e749f6bc3.png]
[cdn.shopify.com/s/files/1/0086/0251/7559/files/menu-banner-3_70cd5663-1108-4e89-aea5-14326df32185436c.png]
[organic-ishi.myshopify.com/collections/men.23.delayed]
[cdn.shopify.com/s/files/1/0086/0251/7559/products/2_19e65f58-6fab-4b73-a7a4-bf41a432b102_533x2ab0.png]
[cdn.shopify.com/s/files/1/0086/0251/7559/files/Menu-banner_8cae264b-a72a-4fbf-ad59-026b4f888141d0e1.png]
[cdn.shopify.com/s/files/1/0086/0251/7559/products/18_1e78d125-fa7a-414e-ad2a-943d281f1881_533x51d0.png]
[cdn.shopify.com/s/files/1/0086/0251/7559/products/19_4d43a56b-f660-495e-8065-c58ac0b25f02_533x6a1e.png]
[cdn.shopify.com/s/files/1/0086/0251/7559/products/17_21afa0f1-1a98-4e1f-b2e0-cabfcef22618_533xa1b1.png]
[cdn.shopify.com/s/files/1/0086/0251/7559/products/20_e9ccb755-8c4d-434f-9beb-e70fd1d13151_533x91f5.png]
[cdn.shopify.com/s/files/1/0086/0251/7559/products/14_644abfe8-942e-469b-afb8-8778d5757e65_533xdd01.png]
[cdn.shopify.com/s/files/1/0086/0251/7559/products/15_5c669420-20dd-4001-89eb-841d20252e98_533x2df5.png]
[cdn.shopify.com/s/files/1/0086/0251/7559/files/Left-banner_6b9b6278-c0b2-4c75-a6ac-ab39bae0615ddb57.png]
[cdn.shopify.com/s/files/1/0086/0251/7559/products/5_463b6ce0-e7e0-461c-b9c1-c1d32af79676_533xac07.png]
[cdn.shopify.com/s/files/1/0086/0251/7559/products/6_533x7dd4.png]
[cdn.shopify.com/s/files/1/0086/0251/7559/products/3_28e3cf02-0b4c-4dfb-9fae-3ca0adb53740_533xba6a.png]
[cdn.shopify.com/s/files/1/0086/0251/7559/products/12_533xa0e4.png]
[cdn.shopify.com/s/files/1/0086/0251/7559/products/17_533xa49a.png]
[organic-ishi.myshopify.com/collections/organic-products51e5.html]
[cdn.shopify.com/s/files/1/0086/0251/7559/t/4/assets/collection-filters-form89f9.js]
[cdn.shopify.com/s/files/1/0086/0251/7559/products/20_c81ec43b-1a12-4a21-a7cd-8ae909b0269331bf.png]
[cdn.shopify.com/s/files/1/0086/0251/7559/products/18_abb4f969-af5d-4335-9fd0-1dae640b535631bf.png]
[cdn.shopify.com/s/files/1/0086/0251/7559/products/17_21afa0f1-1a98-4e1f-b2e0-cabfcef22618a1b1.png]
[cdn.shopify.com/s/files/1/0086/0251/7559/products/20_e9ccb755-8c4d-434f-9beb-e70fd1d1315191f5.png]
[cdn.shopify.com/s/files/1/0086/0251/7559/products/12a0e4.png]
[cdn.shopify.com/s/files/1/0086/0251/7559/products/17a49a.png]
[cdn.shopify.com/s/files/1/0086/0251/7559/products/10_7b94b89f-7956-4442-8943-f726aabce98b0b2d.png]
[cdn.shopify.com/s/files/1/0086/0251/7559/products/13_a6f0e128-ff6f-44e2-a5fc-976c949db827ac84.png]
[cdn.shopify.com/s/files/1/0086/0251/7559/products/19ac6c.png]
[cdn.shopify.com/s/files/1/0086/0251/7559/products/1849db.png]
[cdn.shopify.com/s/files/1/0086/0251/7559/products/4_f63d4e33-1fd0-4c1d-9981-31090ff251249c6c.png]
[cdn.shopify.com/s/files/1/0086/0251/7559/products/8_60bf2ed7-02c3-4bf5-92aa-52e84a2a0401a756.png]
[cdn.shopify.com/s/files/1/0086/0251/7559/products/6_5239d19c-5566-435d-bd59-ebc586ae50d6bf8b.png]
[cdn.shopify.com/s/files/1/0086/0251/7559/products/7_486c98a2-49da-4a33-acb2-96260fb9a13f4b12.png]
[cdn.shopify.com/s/files/1/0086/0251/7559/products/2_19e65f58-6fab-4b73-a7a4-bf41a432b1022ab0.png]
[cdn.shopify.com/s/files/1/0086/0251/7559/products/3_28e3cf02-0b4c-4dfb-9fae-3ca0adb53740ba6a.png]
[cdn.shopify.com/s/files/1/0086/0251/7559/files/2_de786d25-bc5e-4389-bc9a-8a6fdd4bbef5_500x5003c98.png]
[cdn.shopify.com/s/files/1/0086/0251/7559/files/3_37416915-be82-49cd-af80-01cac036f8a0_500x5001d85.png]
[cdn.shopify.com/s/files/1/0086/0251/7559/files/1_61c70a53-fafe-4fd5-a1b0-f77d516be1d9_500x50088e4.png]
[cdn.shopify.com/s/files/1/0086/0251/7559/files/7_30c6c4b8-9d24-47bd-9e48-14039e5551ad_500x5000133.png]
[cdn.shopify.com/s/files/1/0086/0251/7559/files/8_9177c71a-ceaf-4ce3-acab-c3af764755b0_500x5004043.png]
[cdn.shopify.com/s/files/1/0086/0251/7559/files/10_500x50019ef.png]
[cdn.shopify.com/s/files/1/0086/0251/7559/t/4/assets/no-image70ff.png]
[cdn.shopify.com/s/files/1/0086/0251/7559/t/4/assets/slideref9e.js]
[organic-ishi.myshopify.com/collections/organic-products3631.html]
[cdn.shopify.com/s/files/1/0086/0251/7559/t/4/assets/variants9e7d.js]
[organic-ishi.myshopify.com/collections/organic-products.html]
[cdn.shopify.com/s/files/1/0086/0251/7559/t/4/compiled_assets/stylese648.css]
[cdnjs.cloudflare.com/ajax/libs/font-awesome/4.7.0/css/font-awesome.min.css]
[cdn.shopify.com/s/files/1/0086/0251/7559/t/4/assets/owl.video.play.png]
[cdn.shopify.com/s/files/1/0086/0251/7559/t/4/assets/includes.mina62d.css]
[cdn.shopify.com/s/files/1/0086/0251/7559/t/4/assets/comment-blogfd3f.jpg]
[cdn.shopify.com/s/files/1/0086/0251/7559/t/4/assets/basec6b2.css]
[cdn.shopify.com/s/files/1/0086/0251/7559/t/4/assets/themeb906.css]
[organic-ishi.myshopify.com/collections/POST.html]
[cdn.shopify.com/s/files/1/0086/0251/7559/t/4/assets/page-account4a37.css]
[cdn.shopify.com/s/files/1/0086/0251/7559/collections/Category-banner3814.png]
[organic-ishi.myshopify.com/collections/fruits.atom]
[organic-ishi.myshopify.com/collections/fruits4658.html]
[organic-ishi.myshopify.com/collections/fruits.oembed]
[cdn.shopify.com/s/files/1/0086/0251/7559/products/3_05cdcdef-27c7-4959-9b4e-807c1d68a37b2a90.png]
[cdn.shopify.com/s/files/1/0086/0251/7559/products/4_6f623406-d5ce-42e6-b1e8-b4b6e98b9e14b3a0.png]
[organic-ishi.myshopify.com/collections/fruits51e5.html]
[cdn.shopify.com/s/files/1/0086/0251/7559/products/14_644abfe8-942e-469b-afb8-8778d5757e65dd01.png]
[cdn.shopify.com/s/files/1/0086/0251/7559/products/15_5c669420-20dd-4001-89eb-841d20252e982df5.png]
[cdn.shopify.com/s/files/1/0086/0251/7559/products/18_1e78d125-fa7a-414e-ad2a-943d281f188151d0.png]
[cdn.shopify.com/s/files/1/0086/0251/7559/products/19_4d43a56b-f660-495e-8065-c58ac0b25f026a1e.png]
[cdn.shopify.com/s/files/1/0086/0251/7559/products/191f9.png]
[cdn.shopify.com/s/files/1/0086/0251/7559/products/2cc6f.png]
[cdn.shopify.com/s/files/1/0086/0251/7559/products/15_4b324165-4567-4f7a-b122-89ecca6059babaa9.png]
[cdn.shopify.com/s/files/1/0086/0251/7559/products/16_33ffe5fa-fb03-430f-8f35-97e9bf98e5fe6910.png]
[organic-ishi.myshopify.com/collections/fruits.html]
[cdn.shopify.com/s/files/1/0086/0251/7559/collections/Category-banner_12ad6bd5-f515-45e9-b523-8027984f2169e184.png]
[organic-ishi.myshopify.com/collections/vegetables.atom]
[organic-ishi.myshopify.com/collections/vegetables.oembed]
[organic-ishi.myshopify.com/collections/vegetables4658.html]
[cdn.shopify.com/s/files/1/0086/0251/7559/products/11f8e1.png]
[cdn.shopify.com/s/files/1/0086/0251/7559/products/12_4a95a419-bb93-4933-89e9-e01dbc5cd1b2f8e1.png]
[organic-ishi.myshopify.com/collections/vegetables3f84.html]
[organic-ishi.myshopify.com/collections/vegetables.html]
[cdn.shopify.com/s/files/1/0086/0251/7559/collections/Category-banner_04af0124-5a42-46c3-9f7a-b3e7bab427629043.png]
[organic-ishi.myshopify.com/collections/organic.atom]
[organic-ishi.myshopify.com/collections/organic.oembed]
[organic-ishi.myshopify.com/collections/organic4658.html]
[cdn.shopify.com/s/files/1/0086/0251/7559/products/5_463b6ce0-e7e0-461c-b9c1-c1d32af79676ac07.png]
[organic-ishi.myshopify.com/collections/organic7c28.html]
[cdn.shopify.com/s/files/1/0086/0251/7559/products/67dd4.png]
[organic-ishi.myshopify.com/collections/organic.html]
[cdn.shopify.com/s/files/1/0086/0251/7559/collections/Category-banner_709271f1-ee84-4b94-a6af-2b7930cc3068d9e9.png]
[organic-ishi.myshopify.com/collections/special-oraganics.atom]
[organic-ishi.myshopify.com/collections/special-oraganics.oembed]
[organic-ishi.myshopify.com/collections/special-oraganics.html]
[cdn.shopify.com/s/files/1/0086/0251/7559/collections/Category-banner_5b9fbb3f-c57e-4623-bb67-32db0de99669a8a2.png]
[organic-ishi.myshopify.com/collections/special-oraganics6868.html]
[organic-ishi.myshopify.com/collections/new-organics.atom]
[organic-ishi.myshopify.com/collections/new-organics4658.html]
[organic-ishi.myshopify.com/collections/new-organics.oembed]
[organic-ishi.myshopify.com/collections/new-organics.html]
[organic-ishi.myshopify.com/collections/men.html]
[organic-ishi.myshopify.com/collections/organic-products51e5.html]
[cdn.shopify.com/s/files/1/0086/0251/7559/t/4/assets/owl.video.play.html]
[organic-ishi.myshopify.com/collections/new-organics0466.html]
[organic-ishi.myshopify.com/collections/fruits4658.oembed]
[organic-ishi.myshopify.com/collections/fruits4658.html]
[organic-ishi.myshopify.com/collections/fruits2679.html]
[organic-ishi.myshopify.com/collections/fruits51e5.html]
[organic-ishi.myshopify.com/collections/fruits26ba.html]
[organic-ishi.myshopify.com/collections/vegetables4658.oembed]
[organic-ishi.myshopify.com/collections/vegetables4658.html]
[organic-ishi.myshopify.com/collections/vegetables2679.html]
[organic-ishi.myshopify.com/collections/vegetables3f84.html]
[organic-ishi.myshopify.com/collections/vegetables040f.html]
[organic-ishi.myshopify.com/collections/organic4658.oembed]
[organic-ishi.myshopify.com/collections/organic4658.html]
[organic-ishi.myshopify.com/collections/organic2679.html]
[organic-ishi.myshopify.com/collections/organic7c28.html]
[organic-ishi.myshopify.com/collections/organica007.html]
[organic-ishi.myshopify.com/collections/special-oraganics6868.html]
[organic-ishi.myshopify.com/collections/new-organics2679.html]
[organic-ishi.myshopify.com/collections/new-organics4658.html]
[organic-ishi.myshopify.com/collections/new-organics4658.oembed]
[organic-ishi.myshopify.com/collections/new-organics0466.html]
[organic-ishi.myshopify.com/collections/fruits2679.html]
[organic-ishi.myshopify.com/collections/new-organics535a.html]
[organic-ishi.myshopify.com/collections/fruits26ba.html]
[organic-ishi.myshopify.com/collections/vegetables2679.html]
[organic-ishi.myshopify.com/collections/fruits2991.html]
[organic-ishi.myshopify.com/collections/vegetables040f.html]
[organic-ishi.myshopify.com/collections/organic2679.html]
[organic-ishi.myshopify.com/collections/vegetablesb8cb.html]
[organic-ishi.myshopify.com/collections/organica007.html]
[organic-ishi.myshopify.com/collections/new-organics2679.html]
[organic-ishi.myshopify.com/collections/organicf818.html]
[organic-ishi.myshopify.com/collections/new-organics535a.html]
[organic-ishi.myshopify.com/collections/fruits2991.html]
[organic-ishi.myshopify.com/collections/vegetablesb8cb.html]
[organic-ishi.myshopify.com/collections/organicf818.html]
[organic-ishi.myshopify.com/collections/new-organicsf2eb.html]
[organic-ishi.myshopify.com/collections/new-organicsf2eb.html]
